{"D:\\Trabajo\\Node-React\\Nextavy\\src\\app.js": {"path":"D:\\Trabajo\\Node-React\\Nextavy\\src\\app.js","statementMap":{"0":{"start":{"line":1,"column":16},"end":{"line":1,"column":34}},"1":{"start":{"line":2,"column":15},"end":{"line":2,"column":32}},"2":{"start":{"line":3,"column":13},"end":{"line":3,"column":31}},"3":{"start":{"line":4,"column":20},"end":{"line":4,"column":49}},"4":{"start":{"line":5,"column":23},"end":{"line":5,"column":57}},"5":{"start":{"line":7,"column":0},"end":{"line":21,"column":5}},"6":{"start":{"line":23,"column":12},"end":{"line":23,"column":21}},"7":{"start":{"line":26,"column":0},"end":{"line":26,"column":23}},"8":{"start":{"line":27,"column":0},"end":{"line":27,"column":24}},"9":{"start":{"line":28,"column":0},"end":{"line":28,"column":49}},"10":{"start":{"line":29,"column":0},"end":{"line":29,"column":37}},"11":{"start":{"line":32,"column":0},"end":{"line":32,"column":61}},"12":{"start":{"line":34,"column":0},"end":{"line":34,"column":52}},"13":{"start":{"line":35,"column":0},"end":{"line":35,"column":21}}},"fnMap":{},"branchMap":{},"s":{"0":1,"1":1,"2":1,"3":1,"4":1,"5":1,"6":1,"7":1,"8":1,"9":1,"10":1,"11":1,"12":1,"13":1},"f":{},"b":{},"_coverageSchema":"1a1c01bbd47fc00a2c39e90264f33305004495a9","hash":"6f2ef1482865d0b355e38a7362c96053adfd35c6"}
,"D:\\Trabajo\\Node-React\\Nextavy\\src\\config\\database.js": {"path":"D:\\Trabajo\\Node-React\\Nextavy\\src\\config\\database.js","statementMap":{"0":{"start":{"line":1,"column":18},"end":{"line":1,"column":38}},"1":{"start":{"line":2,"column":15},"end":{"line":2,"column":32}},"2":{"start":{"line":4,"column":17},"end":{"line":4,"column":39}},"3":{"start":{"line":6,"column":18},"end":{"line":9,"column":2}},"4":{"start":{"line":11,"column":0},"end":{"line":11,"column":27}}},"fnMap":{},"branchMap":{},"s":{"0":1,"1":1,"2":1,"3":1,"4":1},"f":{},"b":{},"_coverageSchema":"1a1c01bbd47fc00a2c39e90264f33305004495a9","hash":"3ca3d5b16a905487d97a1ff7095172f12696f32d"}
,"D:\\Trabajo\\Node-React\\Nextavy\\src\\config\\email.js": {"path":"D:\\Trabajo\\Node-React\\Nextavy\\src\\config\\email.js","statementMap":{"0":{"start":{"line":1,"column":19},"end":{"line":1,"column":40}},"1":{"start":{"line":4,"column":20},"end":{"line":10,"column":2}},"2":{"start":{"line":12,"column":0},"end":{"line":12,"column":29}}},"fnMap":{},"branchMap":{},"s":{"0":1,"1":1,"2":1},"f":{},"b":{},"_coverageSchema":"1a1c01bbd47fc00a2c39e90264f33305004495a9","hash":"4f6ea52d92f68b023eecb6695c6a49e76e50158c"}
,"D:\\Trabajo\\Node-React\\Nextavy\\src\\models\\User.Js": {"path":"D:\\Trabajo\\Node-React\\Nextavy\\src\\models\\User.Js","statementMap":{"0":{"start":{"line":1,"column":18},"end":{"line":1,"column":38}},"1":{"start":{"line":2,"column":18},"end":{"line":2,"column":47}},"2":{"start":{"line":4,"column":14},"end":{"line":4,"column":29}},"3":{"start":{"line":8,"column":0},"end":{"line":32,"column":2}},"4":{"start":{"line":34,"column":0},"end":{"line":34,"column":22}}},"fnMap":{},"branchMap":{},"s":{"0":1,"1":1,"2":1,"3":1,"4":1},"f":{},"b":{},"inputSourceMap":null,"_coverageSchema":"1a1c01bbd47fc00a2c39e90264f33305004495a9","hash":"86e43827be65912868aa6dfed4dd7f7fd16c78a4"}
,"D:\\Trabajo\\Node-React\\Nextavy\\src\\services\\email\\EmailService.js": {"path":"D:\\Trabajo\\Node-React\\Nextavy\\src\\services\\email\\EmailService.js","statementMap":{"0":{"start":{"line":1,"column":20},"end":{"line":1,"column":49}},"1":{"start":{"line":3,"column":28},"end":{"line":10,"column":1}},"2":{"start":{"line":4,"column":2},"end":{"line":9,"column":5}},"3":{"start":{"line":12,"column":0},"end":{"line":12,"column":41}}},"fnMap":{"0":{"name":"(anonymous_0)","decl":{"start":{"line":3,"column":28},"end":{"line":3,"column":29}},"loc":{"start":{"line":3,"column":52},"end":{"line":10,"column":1}},"line":3}},"branchMap":{},"s":{"0":1,"1":1,"2":1,"3":1},"f":{"0":1},"b":{},"_coverageSchema":"1a1c01bbd47fc00a2c39e90264f33305004495a9","hash":"eab2de78ac18758df91c40fcc67069f80a92cb23"}
}
